# JRE version: OpenJDK Runtime Environment (11.0.6+10) (build 11.0.6+10-post-Ubuntu-1ubuntu118.04.1)
# Java VM: OpenJDK 64-Bit Server VM (11.0.6+10-post-Ubuntu-1ubuntu118.04.1, mixed mode, sharing, tiered, compressed oops, g1 gc, linux-amd64)
Heap:
 garbage-first heap   total 142336K, used 116180K [0x0000000708800000, 0x0000000800000000)
  region size 1024K, 62 young (63488K), 6 survivors (6144K)
 Metaspace       used 74102K, capacity 75533K, committed 76296K, reserved 1116160K
  class space    used 8717K, capacity 9284K, committed 9392K, reserved 1048576K
GC Heap History (20 events):
Event: 149,408 GC heap after
{Heap after GC invocations=21 (full 1):
 garbage-first heap   total 112640K, used 29869K [0x0000000708800000, 0x0000000800000000)
  region size 1024K, 0 young (0K), 0 survivors (0K)
 Metaspace       used 73195K, capacity 74563K, committed 75656K, reserved 1116160K
  class space    used 8667K, capacity 9177K, committed 9264K, reserved 1048576K
}
Event: 149,975 GC heap before
{Heap before GC invocations=21 (full 1):
 garbage-first heap   total 112640K, used 87213K [0x0000000708800000, 0x0000000800000000)
  region size 1024K, 57 young (58368K), 0 survivors (0K)
 Metaspace       used 73497K, capacity 74898K, committed 75656K, reserved 1116160K
  class space    used 8682K, capacity 9219K, committed 9264K, reserved 1048576K
}
Event: 149,982 GC heap after
{Heap after GC invocations=22 (full 1):
 garbage-first heap   total 142336K, used 33965K [0x0000000708800000, 0x0000000800000000)
  region size 1024K, 4 young (4096K), 4 survivors (4096K)
 Metaspace       used 73497K, capacity 74898K, committed 75656K, reserved 1116160K
  class space    used 8682K, capacity 9219K, committed 9264K, reserved 1048576K
}
Event: 150,848 GC heap before
{Heap before GC invocations=22 (full 1):
 garbage-first heap   total 142336K, used 110765K [0x0000000708800000, 0x0000000800000000)
  region size 1024K, 80 young (81920K), 4 survivors (4096K)
 Metaspace       used 74097K, capacity 75533K, committed 76296K, reserved 1116160K
  class space    used 8717K, capacity 9284K, committed 9392K, reserved 1048576K
}
Event: 150,862 GC heap after
{Heap after GC invocations=23 (full 1):
 garbage-first heap   total 142336K, used 36401K [0x0000000708800000, 0x0000000800000000)
  region size 1024K, 7 young (7168K), 7 survivors (7168K)
 Metaspace       used 74097K, capacity 75533K, committed 76296K, reserved 1116160K
  class space    used 8717K, capacity 9284K, committed 9392K, reserved 1048576K
}
Event: 151,626 GC heap before
{Heap before GC invocations=23 (full 1):
 garbage-first heap   total 142336K, used 112177K [0x0000000708800000, 0x0000000800000000)
  region size 1024K, 81 young (82944K), 7 survivors (7168K)
 Metaspace       used 74097K, capacity 75533K, committed 76296K, reserved 1116160K
  class space    used 8717K, capacity 9284K, committed 9392K, reserved 1048576K
}
Event: 151,640 GC heap after
{Heap after GC invocations=24 (full 1):
 garbage-first heap   total 142336K, used 39085K [0x0000000708800000, 0x0000000800000000)
  region size 1024K, 9 young (9216K), 9 survivors (9216K)
 Metaspace       used 74097K, capacity 75533K, committed 76296K, reserved 1116160K
  class space    used 8717K, capacity 9284K, committed 9392K, reserved 1048576K
}
Event: 152,273 GC heap before
{Heap before GC invocations=24 (full 1):
 garbage-first heap   total 142336K, used 113837K [0x0000000708800000, 0x0000000800000000)
  region size 1024K, 82 young (83968K), 9 survivors (9216K)
 Metaspace       used 74097K, capacity 75533K, committed 76296K, reserved 1116160K
  class space    used 8717K, capacity 9284K, committed 9392K, reserved 1048576K
}
Event: 152,300 GC heap after
{Heap after GC invocations=25 (full 1):
 garbage-first heap   total 142336K, used 42511K [0x0000000708800000, 0x0000000800000000)
  region size 1024K, 7 young (7168K), 7 survivors (7168K)
 Metaspace       used 74097K, capacity 75533K, committed 76296K, reserved 1116160K
  class space    used 8717K, capacity 9284K, committed 9392K, reserved 1048576K
}
Event: 152,815 GC heap before
{Heap before GC invocations=25 (full 1):
 garbage-first heap   total 142336K, used 114191K [0x0000000708800000, 0x0000000800000000)
  region size 1024K, 77 young (78848K), 7 survivors (7168K)
 Metaspace       used 74097K, capacity 75533K, committed 76296K, reserved 1116160K
  class space    used 8717K, capacity 9284K, committed 9392K, reserved 1048576K
}
Event: 152,837 GC heap after
{Heap after GC invocations=26 (full 1):
 garbage-first heap   total 142336K, used 45490K [0x0000000708800000, 0x0000000800000000)
  region size 1024K, 7 young (7168K), 7 survivors (7168K)
 Metaspace       used 74097K, capacity 75533K, committed 76296K, reserved 1116160K
  class space    used 8717K, capacity 9284K, committed 9392K, reserved 1048576K
}
Event: 153,286 GC heap before
{Heap before GC invocations=26 (full 1):
 garbage-first heap   total 142336K, used 114098K [0x0000000708800000, 0x0000000800000000)
  region size 1024K, 74 young (75776K), 7 survivors (7168K)
 Metaspace       used 74102K, capacity 75533K, committed 76296K, reserved 1116160K
  class space    used 8717K, capacity 9284K, committed 9392K, reserved 1048576K
}
Event: 153,307 GC heap after
{Heap after GC invocations=27 (full 1):
 garbage-first heap   total 142336K, used 49200K [0x0000000708800000, 0x0000000800000000)
  region size 1024K, 7 young (7168K), 7 survivors (7168K)
 Metaspace       used 74102K, capacity 75533K, committed 76296K, reserved 1116160K
  class space    used 8717K, capacity 9284K, committed 9392K, reserved 1048576K
}
Event: 153,723 GC heap before
{Heap before GC invocations=27 (full 1):
 garbage-first heap   total 142336K, used 116784K [0x0000000708800000, 0x0000000800000000)
  region size 1024K, 72 young (73728K), 7 survivors (7168K)
 Metaspace       used 74102K, capacity 75533K, committed 76296K, reserved 1116160K
  class space    used 8717K, capacity 9284K, committed 9392K, reserved 1048576K
}
Event: 153,741 GC heap after
{Heap after GC invocations=28 (full 1):
 garbage-first heap   total 142336K, used 52542K [0x0000000708800000, 0x0000000800000000)
  region size 1024K, 6 young (6144K), 6 survivors (6144K)
 Metaspace       used 74102K, capacity 75533K, committed 76296K, reserved 1116160K
  class space    used 8717K, capacity 9284K, committed 9392K, reserved 1048576K
}
Event: 154,086 GC heap before
{Heap before GC invocations=28 (full 1):
 garbage-first heap   total 142336K, used 115006K [0x0000000708800000, 0x0000000800000000)
  region size 1024K, 67 young (68608K), 6 survivors (6144K)
 Metaspace       used 74102K, capacity 75533K, committed 76296K, reserved 1116160K
  class space    used 8717K, capacity 9284K, committed 9392K, reserved 1048576K
}
Event: 154,108 GC heap after
{Heap after GC invocations=29 (full 1):
 garbage-first heap   total 142336K, used 55767K [0x0000000708800000, 0x0000000800000000)
  region size 1024K, 6 young (6144K), 6 survivors (6144K)
 Metaspace       used 74102K, capacity 75533K, committed 76296K, reserved 1116160K
  class space    used 8717K, capacity 9284K, committed 9392K, reserved 1048576K
}
Event: 154,437 GC heap before
{Heap before GC invocations=29 (full 1):
 garbage-first heap   total 142336K, used 116183K [0x0000000708800000, 0x0000000800000000)
  region size 1024K, 65 young (66560K), 6 survivors (6144K)
 Metaspace       used 74102K, capacity 75533K, committed 76296K, reserved 1116160K
  class space    used 8717K, capacity 9284K, committed 9392K, reserved 1048576K
}
Event: 154,453 GC heap after
{Heap after GC invocations=30 (full 1):
 garbage-first heap   total 142336K, used 58836K [0x0000000708800000, 0x0000000800000000)
  region size 1024K, 6 young (6144K), 6 survivors (6144K)
 Metaspace       used 74102K, capacity 75533K, committed 76296K, reserved 1116160K
  class space    used 8717K, capacity 9284K, committed 9392K, reserved 1048576K
}
Event: 154,706 GC heap before
{Heap before GC invocations=30 (full 1):
 garbage-first heap   total 142336K, used 116180K [0x0000000708800000, 0x0000000800000000)
  region size 1024K, 62 young (63488K), 6 survivors (6144K)
 Metaspace       used 74102K, capacity 75533K, committed 76296K, reserved 1116160K
  class space    used 8717K, capacity 9284K, committed 9392K, reserved 1048576K
}

